{"/home/vinicius/Documents/trybe-exercicios/fundamentos/secao-07-javascriptES6-e-testes/dia-03-primeiros-passos-em-jest/exercicios/script.js": {"path":"/home/vinicius/Documents/trybe-exercicios/fundamentos/secao-07-javascriptES6-e-testes/dia-03-primeiros-passos-em-jest/exercicios/script.js","statementMap":{"0":{"start":{"line":1,"column":15},"end":{"line":1,"column":40}},"1":{"start":{"line":2,"column":13},"end":{"line":2,"column":28}},"2":{"start":{"line":5,"column":4},"end":{"line":7,"column":5}},"3":{"start":{"line":6,"column":6},"end":{"line":6,"column":52}},"4":{"start":{"line":9,"column":4},"end":{"line":9,"column":17}},"5":{"start":{"line":13,"column":17},"end":{"line":13,"column":19}},"6":{"start":{"line":14,"column":4},"end":{"line":18,"column":5}},"7":{"start":{"line":14,"column":21},"end":{"line":14,"column":22}},"8":{"start":{"line":15,"column":6},"end":{"line":17,"column":7}},"9":{"start":{"line":16,"column":8},"end":{"line":16,"column":32}},"10":{"start":{"line":19,"column":4},"end":{"line":19,"column":18}},"11":{"start":{"line":23,"column":4},"end":{"line":23,"column":46}},"12":{"start":{"line":23,"column":33},"end":{"line":23,"column":46}},"13":{"start":{"line":24,"column":4},"end":{"line":24,"column":58}},"14":{"start":{"line":24,"column":40},"end":{"line":24,"column":58}},"15":{"start":{"line":25,"column":4},"end":{"line":25,"column":37}},"16":{"start":{"line":25,"column":23},"end":{"line":25,"column":37}},"17":{"start":{"line":26,"column":4},"end":{"line":26,"column":37}},"18":{"start":{"line":26,"column":23},"end":{"line":26,"column":37}},"19":{"start":{"line":27,"column":4},"end":{"line":27,"column":15}},"20":{"start":{"line":31,"column":20},"end":{"line":31,"column":34}},"21":{"start":{"line":32,"column":2},"end":{"line":36,"column":5}},"22":{"start":{"line":33,"column":4},"end":{"line":35,"column":7}},"23":{"start":{"line":34,"column":6},"end":{"line":34,"column":64}},"24":{"start":{"line":38,"column":2},"end":{"line":38,"column":28}},"25":{"start":{"line":42,"column":20},"end":{"line":42,"column":34}},"26":{"start":{"line":43,"column":2},"end":{"line":47,"column":5}},"27":{"start":{"line":44,"column":4},"end":{"line":46,"column":7}},"28":{"start":{"line":45,"column":6},"end":{"line":45,"column":78}},"29":{"start":{"line":49,"column":2},"end":{"line":49,"column":28}},"30":{"start":{"line":54,"column":0},"end":{"line":54,"column":63}}},"fnMap":{"0":{"name":"sum","decl":{"start":{"line":4,"column":9},"end":{"line":4,"column":12}},"loc":{"start":{"line":4,"column":19},"end":{"line":10,"column":3}},"line":4},"1":{"name":"myRemove","decl":{"start":{"line":12,"column":9},"end":{"line":12,"column":17}},"loc":{"start":{"line":12,"column":29},"end":{"line":20,"column":3}},"line":12},"2":{"name":"myFizzBuzz","decl":{"start":{"line":22,"column":9},"end":{"line":22,"column":19}},"loc":{"start":{"line":22,"column":25},"end":{"line":28,"column":3}},"line":22},"3":{"name":"encode","decl":{"start":{"line":30,"column":9},"end":{"line":30,"column":15}},"loc":{"start":{"line":30,"column":22},"end":{"line":39,"column":1}},"line":30},"4":{"name":"(anonymous_4)","decl":{"start":{"line":32,"column":20},"end":{"line":32,"column":21}},"loc":{"start":{"line":32,"column":34},"end":{"line":36,"column":3}},"line":32},"5":{"name":"(anonymous_5)","decl":{"start":{"line":33,"column":19},"end":{"line":33,"column":20}},"loc":{"start":{"line":33,"column":33},"end":{"line":35,"column":5}},"line":33},"6":{"name":"decode","decl":{"start":{"line":41,"column":9},"end":{"line":41,"column":15}},"loc":{"start":{"line":41,"column":22},"end":{"line":50,"column":1}},"line":41},"7":{"name":"(anonymous_7)","decl":{"start":{"line":43,"column":20},"end":{"line":43,"column":21}},"loc":{"start":{"line":43,"column":37},"end":{"line":47,"column":3}},"line":43},"8":{"name":"(anonymous_8)","decl":{"start":{"line":44,"column":17},"end":{"line":44,"column":18}},"loc":{"start":{"line":44,"column":29},"end":{"line":46,"column":5}},"line":44}},"branchMap":{"0":{"loc":{"start":{"line":5,"column":4},"end":{"line":7,"column":5}},"type":"if","locations":[{"start":{"line":5,"column":4},"end":{"line":7,"column":5}},{"start":{},"end":{}}],"line":5},"1":{"loc":{"start":{"line":5,"column":8},"end":{"line":5,"column":54}},"type":"binary-expr","locations":[{"start":{"line":5,"column":8},"end":{"line":5,"column":29}},{"start":{"line":5,"column":33},"end":{"line":5,"column":54}}],"line":5},"2":{"loc":{"start":{"line":15,"column":6},"end":{"line":17,"column":7}},"type":"if","locations":[{"start":{"line":15,"column":6},"end":{"line":17,"column":7}},{"start":{},"end":{}}],"line":15},"3":{"loc":{"start":{"line":23,"column":4},"end":{"line":23,"column":46}},"type":"if","locations":[{"start":{"line":23,"column":4},"end":{"line":23,"column":46}},{"start":{},"end":{}}],"line":23},"4":{"loc":{"start":{"line":24,"column":4},"end":{"line":24,"column":58}},"type":"if","locations":[{"start":{"line":24,"column":4},"end":{"line":24,"column":58}},{"start":{},"end":{}}],"line":24},"5":{"loc":{"start":{"line":24,"column":8},"end":{"line":24,"column":38}},"type":"binary-expr","locations":[{"start":{"line":24,"column":8},"end":{"line":24,"column":21}},{"start":{"line":24,"column":25},"end":{"line":24,"column":38}}],"line":24},"6":{"loc":{"start":{"line":25,"column":4},"end":{"line":25,"column":37}},"type":"if","locations":[{"start":{"line":25,"column":4},"end":{"line":25,"column":37}},{"start":{},"end":{}}],"line":25},"7":{"loc":{"start":{"line":26,"column":4},"end":{"line":26,"column":37}},"type":"if","locations":[{"start":{"line":26,"column":4},"end":{"line":26,"column":37}},{"start":{},"end":{}}],"line":26},"8":{"loc":{"start":{"line":34,"column":21},"end":{"line":34,"column":63}},"type":"cond-expr","locations":[{"start":{"line":34,"column":41},"end":{"line":34,"column":48}},{"start":{"line":34,"column":51},"end":{"line":34,"column":63}}],"line":34},"9":{"loc":{"start":{"line":45,"column":21},"end":{"line":45,"column":77}},"type":"cond-expr","locations":[{"start":{"line":45,"column":53},"end":{"line":45,"column":62}},{"start":{"line":45,"column":65},"end":{"line":45,"column":77}}],"line":45}},"s":{"0":1,"1":1,"2":3,"3":1,"4":2,"5":3,"6":3,"7":3,"8":12,"9":10,"10":3,"11":5,"12":1,"13":4,"14":1,"15":3,"16":1,"17":2,"18":1,"19":1,"20":2,"21":2,"22":26,"23":130,"24":2,"25":2,"26":2,"27":28,"28":140,"29":2,"30":1},"f":{"0":3,"1":3,"2":5,"3":2,"4":26,"5":130,"6":2,"7":28,"8":140},"b":{"0":[1,2],"1":[3,3],"2":[10,2],"3":[1,4],"4":[1,3],"5":[4,2],"6":[1,2],"7":[1,1],"8":[5,125],"9":[6,134]},"_coverageSchema":"1a1c01bbd47fc00a2c39e90264f33305004495a9","hash":"558cc5c3e3f403d256fed55dc3d72e47dc30d1b2"}
}
