TN:
SF:script.js
FN:4,sum
FN:12,myRemove
FN:22,myFizzBuzz
FN:30,encode
FN:32,(anonymous_4)
FN:33,(anonymous_5)
FN:41,decode
FN:43,(anonymous_7)
FN:44,(anonymous_8)
FNF:9
FNH:9
FNDA:3,sum
FNDA:3,myRemove
FNDA:5,myFizzBuzz
FNDA:2,encode
FNDA:26,(anonymous_4)
FNDA:130,(anonymous_5)
FNDA:2,decode
FNDA:28,(anonymous_7)
FNDA:140,(anonymous_8)
DA:1,1
DA:2,1
DA:5,3
DA:6,1
DA:9,2
DA:13,3
DA:14,3
DA:15,12
DA:16,10
DA:19,3
DA:23,5
DA:24,4
DA:25,3
DA:26,2
DA:27,1
DA:31,2
DA:32,2
DA:33,26
DA:34,130
DA:38,2
DA:42,2
DA:43,2
DA:44,28
DA:45,140
DA:49,2
DA:54,1
LF:26
LH:26
BRDA:5,0,0,1
BRDA:5,0,1,2
BRDA:5,1,0,3
BRDA:5,1,1,3
BRDA:15,2,0,10
BRDA:15,2,1,2
BRDA:23,3,0,1
BRDA:23,3,1,4
BRDA:24,4,0,1
BRDA:24,4,1,3
BRDA:24,5,0,4
BRDA:24,5,1,2
BRDA:25,6,0,1
BRDA:25,6,1,2
BRDA:26,7,0,1
BRDA:26,7,1,1
BRDA:34,8,0,5
BRDA:34,8,1,125
BRDA:45,9,0,6
BRDA:45,9,1,134
BRF:20
BRH:20
end_of_record
